




arguments: ./YOUR_BINARY
Current dir: /home/gonzupi/Documentos/TFG-Arcadio/Codigo/TFG-PortableAudiospatialization
File verbosity level: 9
date       time         ( uptime  ) [ thread name/id ]                   file:line     v| 
2020-04-12 20:08:58.492 (   0.000s) [main thread     ]             loguru.cpp:789   INFO| Logging to './general.log', mode: 'a', verbosity: 9
2020-04-12 20:08:58.585 (   0.093s) [main thread     ]               main.cpp:65       2| Configurando la salida de audio.
2020-04-12 20:08:58.591 (   0.099s) [main thread     ]            lineOut.cpp:72    INFO| Output device name: 'default'
2020-04-12 20:08:58.595 (   0.103s) [main thread     ]               main.cpp:70       2| Empezando el autotest.
2020-04-12 20:08:58.595 (   0.103s) [main thread     ]            lineOut.cpp:131      2| started
2020-04-12 20:08:58.598 (   0.106s) [main thread     ]            lineOut.cpp:142      2| data created
2020-04-12 20:08:58.598 (   0.106s) [main thread     ]            lineOut.cpp:144   INFO| playing 880 Hz for 1 seconds...
2020-04-12 20:08:59.600 (   1.108s) [main thread     ]            lineOut.cpp:147   INFO| pause for 1 seconds
2020-04-12 20:08:59.607 (   1.114s) [        E0E1A700]            lineOut.hpp:116   INFO| Stream Completed: Sound stop
2020-04-12 20:09:00.612 (   2.120s) [main thread     ]            lineOut.cpp:159   INFO| playing 440 Hz for 1 seconds...
2020-04-12 20:09:01.621 (   3.128s) [        E0E1A700]            lineOut.hpp:116   INFO| Stream Completed: Sound stop
2020-04-12 20:09:01.621 (   3.129s) [main thread     ]            lineOut.cpp:163   INFO| pause
2020-04-12 20:09:01.624 (   3.131s) [main thread     ]            lineOut.cpp:165   INFO| closed
2020-04-12 20:09:01.624 (   3.131s) [main thread     ]            lineOut.cpp:166   INFO| Test finished! Good job!
2020-04-12 20:09:01.624 (   3.132s) [main thread     ]               main.cpp:72    INFO| Saliendo del programa.
2020-04-12 20:09:01.625 (   3.132s) [main thread     ]             loguru.cpp:489   INFO| atexit
